Using pre-set license
Built from '2021.3/staging' branch; Version is '2021.3.8f1 (b30333d56e81) revision 11731763'; Using compiler version '192829333'; Build Type 'Release'
OS: 'Windows 11  (10.0.22000) 64bit Professional' Language: 'en' Physical Memory: 16146 MB
BatchMode: 1, IsHumanControllingUs: 0, StartBugReporterOnCrash: 0, Is64bit: 1, IsPro: 1

COMMAND LINE ARGUMENTS:
E:\Unity3d\2021.3.8f1\Editor\Unity.exe
-adb2
-batchMode
-noUpm
-name
AssetImportWorker0
-projectPath
E:/Unity Project/MyRTS
-logFile
Logs/AssetImportWorker0.log
-srvPort
64712
Successfully changed project path to: E:/Unity Project/MyRTS
E:/Unity Project/MyRTS
[UnityMemory] Configuration Parameters - Can be set up in boot.config
    "memorysetup-bucket-allocator-granularity=16"
    "memorysetup-bucket-allocator-bucket-count=8"
    "memorysetup-bucket-allocator-block-size=33554432"
    "memorysetup-bucket-allocator-block-count=8"
    "memorysetup-main-allocator-block-size=16777216"
    "memorysetup-thread-allocator-block-size=16777216"
    "memorysetup-gfx-main-allocator-block-size=16777216"
    "memorysetup-gfx-thread-allocator-block-size=16777216"
    "memorysetup-cache-allocator-block-size=4194304"
    "memorysetup-typetree-allocator-block-size=2097152"
    "memorysetup-profiler-bucket-allocator-granularity=16"
    "memorysetup-profiler-bucket-allocator-bucket-count=8"
    "memorysetup-profiler-bucket-allocator-block-size=33554432"
    "memorysetup-profiler-bucket-allocator-block-count=8"
    "memorysetup-profiler-allocator-block-size=16777216"
    "memorysetup-profiler-editor-allocator-block-size=1048576"
    "memorysetup-temp-allocator-size-main=16777216"
    "memorysetup-job-temp-allocator-block-size=2097152"
    "memorysetup-job-temp-allocator-block-size-background=1048576"
    "memorysetup-job-temp-allocator-reduction-small-platforms=262144"
    "memorysetup-temp-allocator-size-background-worker=32768"
    "memorysetup-temp-allocator-size-job-worker=262144"
    "memorysetup-temp-allocator-size-preload-manager=33554432"
    "memorysetup-temp-allocator-size-nav-mesh-worker=65536"
    "memorysetup-temp-allocator-size-audio-worker=65536"
    "memorysetup-temp-allocator-size-cloud-worker=32768"
    "memorysetup-temp-allocator-size-gi-baking-worker=262144"
    "memorysetup-temp-allocator-size-gfx=262144"
Refreshing native plugins compatible for Editor in 88.42 ms, found 3 plugins.
Preloading 0 native plugins for Editor in 0.00 ms.
Initialize engine version: 2021.3.8f1 (b30333d56e81)
[Subsystems] Discovering subsystems at path E:/Unity3d/2021.3.8f1/Editor/Data/Resources/UnitySubsystems
[Subsystems] Discovering subsystems at path E:/Unity Project/MyRTS/Assets
GfxDevice: creating device client; threaded=0; jobified=0
Direct3D:
    Version:  Direct3D 11.0 [level 11.1]
    Renderer: NVIDIA GeForce RTX 3060 Laptop GPU (ID=0x2560)
    Vendor:   NVIDIA
    VRAM:     6023 MB
    Driver:   31.0.15.1694
Initialize mono
Mono path[0] = 'E:/Unity3d/2021.3.8f1/Editor/Data/Managed'
Mono path[1] = 'E:/Unity3d/2021.3.8f1/Editor/Data/MonoBleedingEdge/lib/mono/unityjit-win32'
Mono config path = 'E:/Unity3d/2021.3.8f1/Editor/Data/MonoBleedingEdge/etc'
Using monoOptions --debugger-agent=transport=dt_socket,embedding=1,server=y,suspend=n,address=127.0.0.1:56744
Begin MonoManager ReloadAssembly
Registering precompiled unity dll's ...
Register platform support module: E:/Unity3d/2021.3.8f1/Editor/Data/PlaybackEngines/WindowsStandaloneSupport/UnityEditor.WindowsStandalone.Extensions.dll
Registered in 0.002660 seconds.
Native extension for WindowsStandalone target not found
Refreshing native plugins compatible for Editor in 85.63 ms, found 3 plugins.
Preloading 0 native plugins for Editor in 0.00 ms.
Mono: successfully reloaded assembly
- Completed reload, in  0.662 seconds
Domain Reload Profiling:
	ReloadAssembly (662ms)
		BeginReloadAssembly (74ms)
			ExecutionOrderSort (0ms)
			DisableScriptedObjects (0ms)
			BackupInstance (0ms)
			ReleaseScriptingObjects (0ms)
			CreateAndSetChildDomain (1ms)
		EndReloadAssembly (485ms)
			LoadAssemblies (74ms)
			RebuildTransferFunctionScriptingTraits (0ms)
			SetupTypeCache (115ms)
			ReleaseScriptCaches (0ms)
			RebuildScriptCaches (30ms)
			SetupLoadedEditorAssemblies (290ms)
				LogAssemblyErrors (0ms)
				InitializePlatformSupportModulesInManaged (6ms)
				SetLoadedEditorAssemblies (0ms)
				RefreshPlugins (86ms)
				BeforeProcessingInitializeOnLoad (1ms)
				ProcessInitializeOnLoadAttributes (147ms)
				ProcessInitializeOnLoadMethodAttributes (49ms)
				AfterProcessingInitializeOnLoad (0ms)
				EditorAssembliesLoaded (0ms)
			ExecutionOrderSort2 (0ms)
			AwakeInstancesAfterBackupRestoration (0ms)
Platform modules already initialized, skipping
Registering precompiled user dll's ...
Registered in 0.004437 seconds.
Begin MonoManager ReloadAssembly
Symbol file LoadedFromMemory doesn't match image E:\Unity Project\MyRTS\Library\PackageCache\com.unity.visualscripting@1.7.8\Editor\VisualScripting.Core\Dependencies\YamlDotNet\Unity.VisualScripting.YamlDotNet.dll
Symbol file LoadedFromMemory doesn't match image E:\Unity Project\MyRTS\Library\PackageCache\com.unity.visualscripting@1.7.8\Editor\VisualScripting.Core\Dependencies\DotNetZip\Unity.VisualScripting.IonicZip.dll
Native extension for WindowsStandalone target not found
Refreshing native plugins compatible for Editor in 0.51 ms, found 3 plugins.
Preloading 0 native plugins for Editor in 0.00 ms.
Mono: successfully reloaded assembly
- Completed reload, in  1.062 seconds
Domain Reload Profiling:
	ReloadAssembly (1063ms)
		BeginReloadAssembly (115ms)
			ExecutionOrderSort (0ms)
			DisableScriptedObjects (6ms)
			BackupInstance (0ms)
			ReleaseScriptingObjects (0ms)
			CreateAndSetChildDomain (22ms)
		EndReloadAssembly (834ms)
			LoadAssemblies (85ms)
			RebuildTransferFunctionScriptingTraits (0ms)
			SetupTypeCache (283ms)
			ReleaseScriptCaches (1ms)
			RebuildScriptCaches (54ms)
			SetupLoadedEditorAssemblies (378ms)
				LogAssemblyErrors (0ms)
				InitializePlatformSupportModulesInManaged (6ms)
				SetLoadedEditorAssemblies (0ms)
				RefreshPlugins (1ms)
				BeforeProcessingInitializeOnLoad (79ms)
				ProcessInitializeOnLoadAttributes (257ms)
				ProcessInitializeOnLoadMethodAttributes (32ms)
				AfterProcessingInitializeOnLoad (2ms)
				EditorAssembliesLoaded (0ms)
			ExecutionOrderSort2 (0ms)
			AwakeInstancesAfterBackupRestoration (9ms)
Platform modules already initialized, skipping
========================================================================
Worker process is ready to serve import requests
Launched and connected shader compiler UnityShaderCompiler.exe after 0.06 seconds
Refreshing native plugins compatible for Editor in 0.84 ms, found 3 plugins.
Preloading 0 native plugins for Editor in 0.00 ms.
Unloading 3398 Unused Serialized files (Serialized files now loaded: 0)
Unloading 27 unused Assets / (112.1 KB). Loaded Objects now: 3860.
Memory consumption went from 119.0 MB to 118.9 MB.
Total: 3.963600 ms (FindLiveObjects: 0.339100 ms CreateObjectMapping: 0.348300 ms MarkObjects: 2.703700 ms  DeleteObjects: 0.571100 ms)

AssetImportParameters requested are different than current active one (requested -> active):
  custom:video-decoder-ogg-theora: a1e56fd34408186e4bbccfd4996cb3dc -> 
  custom:container-muxer-webm: aa71ff27fc2769a1b78a27578f13a17b -> 
  custom:container-demuxer-webm: 4f35f7cbe854078d1ac9338744f61a02 -> 
  custom:video-encoder-webm-vp8: eb34c28f22e8b96e1ab97ce403110664 -> 
  custom:video-codec-MediaFoundation-h265: 746d11721c4dcdbdad8f713fa42b33f4 -> 
  custom:audio-encoder-webm-vorbis: bf7c407c2cedff20999df2af8eb42d56 -> 
  custom:framework-win-MediaFoundation: 216162199b28c13a410421893ffa2e32 -> 
  custom:container-demuxer-ogg: 62fdf1f143b41e24485cea50d1cbac27 -> 
  custom:video-decoder-webm-vp8: 9c59270c3fd7afecdb556c50c9e8de78 -> 
  custom:audio-decoder-ogg-vorbis: bf7c407c2cedff20999df2af8eb42d56 -> 
========================================================================
Received Import Request.
  Time since last request: 62941.299251 seconds.
  path: Assets/Scripts/ProjectBase/Music
  artifactKey: Guid(0d68eaa70ad28514482335e4a2b1a405) Importer(815301076,1909f56bfc062723c751e8b465ee728b)
Start importing Assets/Scripts/ProjectBase/Music using Guid(0d68eaa70ad28514482335e4a2b1a405) Importer(815301076,1909f56bfc062723c751e8b465ee728b)  -> (artifact id: '74c9d87d7b84f9b0fa319b6808718703') in 0.010985 seconds 
========================================================================
Received Import Request.
  Time since last request: 0.000022 seconds.
  path: Assets/Scripts/ProjectBase/Pool
  artifactKey: Guid(8c5a246777f9b324caae2dee17574744) Importer(815301076,1909f56bfc062723c751e8b465ee728b)
Start importing Assets/Scripts/ProjectBase/Pool using Guid(8c5a246777f9b324caae2dee17574744) Importer(815301076,1909f56bfc062723c751e8b465ee728b)  -> (artifact id: '94d579ab860936ff0b702274e40e5461') in 0.005151 seconds 
========================================================================
Received Prepare
Registering precompiled user dll's ...
Registered in 0.003775 seconds.
Begin MonoManager ReloadAssembly
Symbol file LoadedFromMemory doesn't match image E:\Unity Project\MyRTS\Library\PackageCache\com.unity.visualscripting@1.7.8\Editor\VisualScripting.Core\Dependencies\YamlDotNet\Unity.VisualScripting.YamlDotNet.dll
Symbol file LoadedFromMemory doesn't match image E:\Unity Project\MyRTS\Library\PackageCache\com.unity.visualscripting@1.7.8\Editor\VisualScripting.Core\Dependencies\DotNetZip\Unity.VisualScripting.IonicZip.dll
Native extension for WindowsStandalone target not found
Refreshing native plugins compatible for Editor in 0.57 ms, found 3 plugins.
Preloading 0 native plugins for Editor in 0.00 ms.
Mono: successfully reloaded assembly
- Completed reload, in  1.006 seconds
Domain Reload Profiling:
	ReloadAssembly (1006ms)
		BeginReloadAssembly (136ms)
			ExecutionOrderSort (0ms)
			DisableScriptedObjects (6ms)
			BackupInstance (0ms)
			ReleaseScriptingObjects (0ms)
			CreateAndSetChildDomain (36ms)
		EndReloadAssembly (779ms)
			LoadAssemblies (82ms)
			RebuildTransferFunctionScriptingTraits (0ms)
			SetupTypeCache (295ms)
			ReleaseScriptCaches (1ms)
			RebuildScriptCaches (41ms)
			SetupLoadedEditorAssemblies (324ms)
				LogAssemblyErrors (0ms)
				InitializePlatformSupportModulesInManaged (11ms)
				SetLoadedEditorAssemblies (0ms)
				RefreshPlugins (1ms)
				BeforeProcessingInitializeOnLoad (58ms)
				ProcessInitializeOnLoadAttributes (222ms)
				ProcessInitializeOnLoadMethodAttributes (29ms)
				AfterProcessingInitializeOnLoad (2ms)
				EditorAssembliesLoaded (0ms)
			ExecutionOrderSort2 (0ms)
			AwakeInstancesAfterBackupRestoration (6ms)
Platform modules already initialized, skipping
Refreshing native plugins compatible for Editor in 1.47 ms, found 3 plugins.
Preloading 0 native plugins for Editor in 0.00 ms.
Unloading 3384 Unused Serialized files (Serialized files now loaded: 0)
Unloading 27 unused Assets / (80.0 KB). Loaded Objects now: 3856.
Memory consumption went from 118.6 MB to 118.5 MB.
Total: 3.131400 ms (FindLiveObjects: 0.323100 ms CreateObjectMapping: 0.246400 ms MarkObjects: 2.440700 ms  DeleteObjects: 0.119800 ms)

AssetImportParameters requested are different than current active one (requested -> active):
  custom:video-decoder-ogg-theora: a1e56fd34408186e4bbccfd4996cb3dc -> 
  custom:container-muxer-webm: aa71ff27fc2769a1b78a27578f13a17b -> 
  custom:container-demuxer-webm: 4f35f7cbe854078d1ac9338744f61a02 -> 
  custom:video-encoder-webm-vp8: eb34c28f22e8b96e1ab97ce403110664 -> 
  custom:video-codec-MediaFoundation-h265: 746d11721c4dcdbdad8f713fa42b33f4 -> 
  custom:audio-encoder-webm-vorbis: bf7c407c2cedff20999df2af8eb42d56 -> 
  custom:framework-win-MediaFoundation: 216162199b28c13a410421893ffa2e32 -> 
  custom:container-demuxer-ogg: 62fdf1f143b41e24485cea50d1cbac27 -> 
  custom:video-decoder-webm-vp8: 9c59270c3fd7afecdb556c50c9e8de78 -> 
  custom:audio-decoder-ogg-vorbis: bf7c407c2cedff20999df2af8eb42d56 -> 
========================================================================
Received Import Request.
  Time since last request: 12.670818 seconds.
  path: Assets/Scripts/ProjectBase/Base
  artifactKey: Guid(fd97613a55e1f8449b1d383f4799261d) Importer(815301076,1909f56bfc062723c751e8b465ee728b)
Start importing Assets/Scripts/ProjectBase/Base using Guid(fd97613a55e1f8449b1d383f4799261d) Importer(815301076,1909f56bfc062723c751e8b465ee728b)  -> (artifact id: 'a77057c0e1707e2a70ff2c559bb6812b') in 0.008346 seconds 
========================================================================
Received Prepare
Registering precompiled user dll's ...
Registered in 0.005716 seconds.
Begin MonoManager ReloadAssembly
Symbol file LoadedFromMemory doesn't match image E:\Unity Project\MyRTS\Library\PackageCache\com.unity.visualscripting@1.7.8\Editor\VisualScripting.Core\Dependencies\YamlDotNet\Unity.VisualScripting.YamlDotNet.dll
Symbol file LoadedFromMemory doesn't match image E:\Unity Project\MyRTS\Library\PackageCache\com.unity.visualscripting@1.7.8\Editor\VisualScripting.Core\Dependencies\DotNetZip\Unity.VisualScripting.IonicZip.dll
Native extension for WindowsStandalone target not found
Refreshing native plugins compatible for Editor in 0.81 ms, found 3 plugins.
Preloading 0 native plugins for Editor in 0.00 ms.
Mono: successfully reloaded assembly
- Completed reload, in  0.998 seconds
Domain Reload Profiling:
	ReloadAssembly (999ms)
		BeginReloadAssembly (135ms)
			ExecutionOrderSort (0ms)
			DisableScriptedObjects (7ms)
			BackupInstance (0ms)
			ReleaseScriptingObjects (0ms)
			CreateAndSetChildDomain (40ms)
		EndReloadAssembly (773ms)
			LoadAssemblies (81ms)
			RebuildTransferFunctionScriptingTraits (0ms)
			SetupTypeCache (282ms)
			ReleaseScriptCaches (1ms)
			RebuildScriptCaches (47ms)
			SetupLoadedEditorAssemblies (322ms)
				LogAssemblyErrors (0ms)
				InitializePlatformSupportModulesInManaged (13ms)
				SetLoadedEditorAssemblies (1ms)
				RefreshPlugins (1ms)
				BeforeProcessingInitializeOnLoad (58ms)
				ProcessInitializeOnLoadAttributes (212ms)
				ProcessInitializeOnLoadMethodAttributes (35ms)
				AfterProcessingInitializeOnLoad (2ms)
				EditorAssembliesLoaded (0ms)
			ExecutionOrderSort2 (0ms)
			AwakeInstancesAfterBackupRestoration (7ms)
Platform modules already initialized, skipping
Refreshing native plugins compatible for Editor in 1.48 ms, found 3 plugins.
Preloading 0 native plugins for Editor in 0.00 ms.
Unloading 3388 Unused Serialized files (Serialized files now loaded: 0)
Unloading 20 unused Assets / (80.0 KB). Loaded Objects now: 3863.
Memory consumption went from 118.7 MB to 118.6 MB.
Total: 3.347500 ms (FindLiveObjects: 0.346700 ms CreateObjectMapping: 0.183200 ms MarkObjects: 2.729300 ms  DeleteObjects: 0.087400 ms)

AssetImportParameters requested are different than current active one (requested -> active):
  custom:video-decoder-ogg-theora: a1e56fd34408186e4bbccfd4996cb3dc -> 
  custom:container-muxer-webm: aa71ff27fc2769a1b78a27578f13a17b -> 
  custom:container-demuxer-webm: 4f35f7cbe854078d1ac9338744f61a02 -> 
  custom:video-encoder-webm-vp8: eb34c28f22e8b96e1ab97ce403110664 -> 
  custom:video-codec-MediaFoundation-h265: 746d11721c4dcdbdad8f713fa42b33f4 -> 
  custom:audio-encoder-webm-vorbis: bf7c407c2cedff20999df2af8eb42d56 -> 
  custom:framework-win-MediaFoundation: 216162199b28c13a410421893ffa2e32 -> 
  custom:container-demuxer-ogg: 62fdf1f143b41e24485cea50d1cbac27 -> 
  custom:video-decoder-webm-vp8: 9c59270c3fd7afecdb556c50c9e8de78 -> 
  custom:audio-decoder-ogg-vorbis: bf7c407c2cedff20999df2af8eb42d56 -> 
========================================================================
Received Import Request.
  Time since last request: 31.359625 seconds.
  path: Assets/Script/GridTool/GridMaker.cs
  artifactKey: Guid(338674c0037033949beb780079018c2b) Importer(815301076,1909f56bfc062723c751e8b465ee728b)
Start importing Assets/Script/GridTool/GridMaker.cs using Guid(338674c0037033949beb780079018c2b) Importer(815301076,1909f56bfc062723c751e8b465ee728b)  -> (artifact id: 'e265279d9a6ca9e87c56e5e33d1e5aa1') in 0.036261 seconds 
========================================================================
Received Import Request.
  Time since last request: 0.329818 seconds.
  path: Assets/Script/GridTool/Grid.cs
  artifactKey: Guid(92adc5e3af5e9d449b2b17f1c505d126) Importer(815301076,1909f56bfc062723c751e8b465ee728b)
Start importing Assets/Script/GridTool/Grid.cs using Guid(92adc5e3af5e9d449b2b17f1c505d126) Importer(815301076,1909f56bfc062723c751e8b465ee728b)  -> (artifact id: '0706d3815e3d9150b4c48dee20902583') in 0.005154 seconds 
========================================================================
Received Import Request.
  Time since last request: 2.812666 seconds.
  path: Assets/Script/Controller/ChoseBox.cs
  artifactKey: Guid(c760364523b2bb547b1d3b9bce98148f) Importer(815301076,1909f56bfc062723c751e8b465ee728b)
Start importing Assets/Script/Controller/ChoseBox.cs using Guid(c760364523b2bb547b1d3b9bce98148f) Importer(815301076,1909f56bfc062723c751e8b465ee728b)  -> (artifact id: '1e0c5b4533b1ea91f49dfb7562c83edd') in 0.004552 seconds 
========================================================================
Received Prepare
Registering precompiled user dll's ...
Registered in 0.004089 seconds.
Begin MonoManager ReloadAssembly
Symbol file LoadedFromMemory doesn't match image E:\Unity Project\MyRTS\Library\PackageCache\com.unity.visualscripting@1.7.8\Editor\VisualScripting.Core\Dependencies\YamlDotNet\Unity.VisualScripting.YamlDotNet.dll
Symbol file LoadedFromMemory doesn't match image E:\Unity Project\MyRTS\Library\PackageCache\com.unity.visualscripting@1.7.8\Editor\VisualScripting.Core\Dependencies\DotNetZip\Unity.VisualScripting.IonicZip.dll
Native extension for WindowsStandalone target not found
Refreshing native plugins compatible for Editor in 0.61 ms, found 3 plugins.
Preloading 0 native plugins for Editor in 0.00 ms.
Mono: successfully reloaded assembly
- Completed reload, in  1.027 seconds
Domain Reload Profiling:
	ReloadAssembly (1027ms)
		BeginReloadAssembly (132ms)
			ExecutionOrderSort (0ms)
			DisableScriptedObjects (6ms)
			BackupInstance (0ms)
			ReleaseScriptingObjects (0ms)
			CreateAndSetChildDomain (37ms)
		EndReloadAssembly (806ms)
			LoadAssemblies (81ms)
			RebuildTransferFunctionScriptingTraits (0ms)
			SetupTypeCache (297ms)
			ReleaseScriptCaches (2ms)
			RebuildScriptCaches (43ms)
			SetupLoadedEditorAssemblies (342ms)
				LogAssemblyErrors (0ms)
				InitializePlatformSupportModulesInManaged (11ms)
				SetLoadedEditorAssemblies (0ms)
				RefreshPlugins (1ms)
				BeforeProcessingInitializeOnLoad (58ms)
				ProcessInitializeOnLoadAttributes (236ms)
				ProcessInitializeOnLoadMethodAttributes (33ms)
				AfterProcessingInitializeOnLoad (3ms)
				EditorAssembliesLoaded (0ms)
			ExecutionOrderSort2 (0ms)
			AwakeInstancesAfterBackupRestoration (7ms)
Platform modules already initialized, skipping
Refreshing native plugins compatible for Editor in 1.61 ms, found 3 plugins.
Preloading 0 native plugins for Editor in 0.00 ms.
Unloading 3388 Unused Serialized files (Serialized files now loaded: 0)
Unloading 20 unused Assets / (80.0 KB). Loaded Objects now: 3866.
Memory consumption went from 118.7 MB to 118.6 MB.
Total: 3.557000 ms (FindLiveObjects: 0.263000 ms CreateObjectMapping: 0.209500 ms MarkObjects: 2.962000 ms  DeleteObjects: 0.121800 ms)

AssetImportParameters requested are different than current active one (requested -> active):
  custom:video-decoder-ogg-theora: a1e56fd34408186e4bbccfd4996cb3dc -> 
  custom:container-muxer-webm: aa71ff27fc2769a1b78a27578f13a17b -> 
  custom:container-demuxer-webm: 4f35f7cbe854078d1ac9338744f61a02 -> 
  custom:video-encoder-webm-vp8: eb34c28f22e8b96e1ab97ce403110664 -> 
  custom:video-codec-MediaFoundation-h265: 746d11721c4dcdbdad8f713fa42b33f4 -> 
  custom:audio-encoder-webm-vorbis: bf7c407c2cedff20999df2af8eb42d56 -> 
  custom:framework-win-MediaFoundation: 216162199b28c13a410421893ffa2e32 -> 
  custom:container-demuxer-ogg: 62fdf1f143b41e24485cea50d1cbac27 -> 
  custom:video-decoder-webm-vp8: 9c59270c3fd7afecdb556c50c9e8de78 -> 
  custom:audio-decoder-ogg-vorbis: bf7c407c2cedff20999df2af8eb42d56 -> 
========================================================================
Received Import Request.
  Time since last request: 52.435108 seconds.
  path: Assets/Prefab/Cube.prefab
  artifactKey: Guid(cc39bbda867bda843886850ab381a614) Importer(815301076,1909f56bfc062723c751e8b465ee728b)
Start importing Assets/Prefab/Cube.prefab using Guid(cc39bbda867bda843886850ab381a614) Importer(815301076,1909f56bfc062723c751e8b465ee728b)  -> (artifact id: 'b97b705ab3f0530530a755e182d35db8') in 0.116842 seconds 
========================================================================
Received Import Request.
  Time since last request: 71.017186 seconds.
  path: Assets/Scenes/SampleScene.unity
  artifactKey: Guid(9fc0d4010bbf28b4594072e72b8655ab) Importer(815301076,1909f56bfc062723c751e8b465ee728b)
Start importing Assets/Scenes/SampleScene.unity using Guid(9fc0d4010bbf28b4594072e72b8655ab) Importer(815301076,1909f56bfc062723c751e8b465ee728b)  -> (artifact id: '9b31351d32822a94c93adfed253d5db8') in 0.006099 seconds 
========================================================================
Received Import Request.
  Time since last request: 43.884553 seconds.
  path: Assets/Scenes/GridTest.unity
  artifactKey: Guid(7b103fb66e211e84fa7d99d894a6e40a) Importer(815301076,1909f56bfc062723c751e8b465ee728b)
Start importing Assets/Scenes/GridTest.unity using Guid(7b103fb66e211e84fa7d99d894a6e40a) Importer(815301076,1909f56bfc062723c751e8b465ee728b)  -> (artifact id: '8107bbb8334d991451983cf952fc7503') in 0.006086 seconds 
========================================================================
Received Import Request.
  Time since last request: 42.427342 seconds.
  path: Assets/Scripts/ProjectBase/UI/BasePanel.cs
  artifactKey: Guid(00d27a205b8cb774f8c82a40aa10cc91) Importer(815301076,1909f56bfc062723c751e8b465ee728b)
Start importing Assets/Scripts/ProjectBase/UI/BasePanel.cs using Guid(00d27a205b8cb774f8c82a40aa10cc91) Importer(815301076,1909f56bfc062723c751e8b465ee728b)  -> (artifact id: '8d5480c3378dc1f3dd5aed590705b042') in 0.004365 seconds 
========================================================================
Received Import Request.
  Time since last request: 0.000053 seconds.
  path: Assets/Scripts/ProjectBase/Mono/MonoMgr.cs
  artifactKey: Guid(ac23176e235a19b4cafa3f8d3181be0c) Importer(815301076,1909f56bfc062723c751e8b465ee728b)
Start importing Assets/Scripts/ProjectBase/Mono/MonoMgr.cs using Guid(ac23176e235a19b4cafa3f8d3181be0c) Importer(815301076,1909f56bfc062723c751e8b465ee728b)  -> (artifact id: '53155748b9ef498db959f5260b113cf9') in 0.005092 seconds 
========================================================================
Received Import Request.
  Time since last request: 0.089889 seconds.
  path: Assets/Scripts/ProjectBase/UI/UIManager.cs
  artifactKey: Guid(016c19915f9f9ae41aeaf1ff84082dbd) Importer(815301076,1909f56bfc062723c751e8b465ee728b)
Start importing Assets/Scripts/ProjectBase/UI/UIManager.cs using Guid(016c19915f9f9ae41aeaf1ff84082dbd) Importer(815301076,1909f56bfc062723c751e8b465ee728b)  -> (artifact id: 'ba2c45b99cc1c90ddcdbd44e40147973') in 0.004383 seconds 
========================================================================
Received Import Request.
  Time since last request: 0.006319 seconds.
  path: Assets/Scripts/ProjectBase/Event/EventCenter.cs
  artifactKey: Guid(e63fcbef1c635da44a4169c378543950) Importer(815301076,1909f56bfc062723c751e8b465ee728b)
Start importing Assets/Scripts/ProjectBase/Event/EventCenter.cs using Guid(e63fcbef1c635da44a4169c378543950) Importer(815301076,1909f56bfc062723c751e8b465ee728b)  -> (artifact id: '1d744d71d063280b6251251bc0e9ddee') in 0.004558 seconds 
========================================================================
Received Import Request.
  Time since last request: 0.006129 seconds.
  path: Assets/Scripts/ProjectBase/Music/MusicMgr.cs
  artifactKey: Guid(36dc272dfd33e2e409c4553100bba2d8) Importer(815301076,1909f56bfc062723c751e8b465ee728b)
Start importing Assets/Scripts/ProjectBase/Music/MusicMgr.cs using Guid(36dc272dfd33e2e409c4553100bba2d8) Importer(815301076,1909f56bfc062723c751e8b465ee728b)  -> (artifact id: '2275a41ab9d7f1323869a8b6202228a6') in 0.004267 seconds 
========================================================================
Received Import Request.
  Time since last request: 0.001765 seconds.
  path: Assets/Scripts/ProjectBase/Mono/MonoController.cs
  artifactKey: Guid(88b796d2e5084b642857b9b2c2aa1d3e) Importer(815301076,1909f56bfc062723c751e8b465ee728b)
Start importing Assets/Scripts/ProjectBase/Mono/MonoController.cs using Guid(88b796d2e5084b642857b9b2c2aa1d3e) Importer(815301076,1909f56bfc062723c751e8b465ee728b)  -> (artifact id: 'a5e18fb287714746fbd8fd6a71157029') in 0.004528 seconds 
========================================================================
Received Import Request.
  Time since last request: 0.005335 seconds.
  path: Assets/Scripts/ProjectBase/Base/SingletonAutoMono.cs
  artifactKey: Guid(4ba4e12b72043c74081375782d001f6e) Importer(815301076,1909f56bfc062723c751e8b465ee728b)
Start importing Assets/Scripts/ProjectBase/Base/SingletonAutoMono.cs using Guid(4ba4e12b72043c74081375782d001f6e) Importer(815301076,1909f56bfc062723c751e8b465ee728b)  -> (artifact id: '8382c7a25db50708cb658250e631a738') in 0.004201 seconds 
========================================================================
Received Import Request.
  Time since last request: 0.001948 seconds.
  path: Assets/Scripts/ProjectBase/Res/ResMgr.cs
  artifactKey: Guid(bcabc5d9a63b09741b6454f7b2ab4494) Importer(815301076,1909f56bfc062723c751e8b465ee728b)
Start importing Assets/Scripts/ProjectBase/Res/ResMgr.cs using Guid(bcabc5d9a63b09741b6454f7b2ab4494) Importer(815301076,1909f56bfc062723c751e8b465ee728b)  -> (artifact id: '6d8f0cd2b93adb0c016ebae631328d45') in 0.004164 seconds 
========================================================================
Received Import Request.
  Time since last request: 0.007166 seconds.
  path: Assets/Scripts/ProjectBase/Base/BaseManager.cs
  artifactKey: Guid(0df36fe7932fd2043be7874fde40a0c1) Importer(815301076,1909f56bfc062723c751e8b465ee728b)
Start importing Assets/Scripts/ProjectBase/Base/BaseManager.cs using Guid(0df36fe7932fd2043be7874fde40a0c1) Importer(815301076,1909f56bfc062723c751e8b465ee728b)  -> (artifact id: '5ef152475fcba9c6c3e5a1fe50a33dfc') in 0.004722 seconds 
========================================================================
Received Import Request.
  Time since last request: 0.001378 seconds.
  path: Assets/Scripts/ProjectBase/Base/SingletonMono.cs
  artifactKey: Guid(c6c3b3e6259ecdf4994886c52f9bf310) Importer(815301076,1909f56bfc062723c751e8b465ee728b)
Start importing Assets/Scripts/ProjectBase/Base/SingletonMono.cs using Guid(c6c3b3e6259ecdf4994886c52f9bf310) Importer(815301076,1909f56bfc062723c751e8b465ee728b)  -> (artifact id: '8b2d95576a329c18ad72ced962241161') in 0.003985 seconds 
========================================================================
Received Import Request.
  Time since last request: 0.002130 seconds.
  path: Assets/Script/GridTool/GridMeshCreate.cs
  artifactKey: Guid(4954ffe4001232c4ea22e8c63cff544a) Importer(815301076,1909f56bfc062723c751e8b465ee728b)
Start importing Assets/Script/GridTool/GridMeshCreate.cs using Guid(4954ffe4001232c4ea22e8c63cff544a) Importer(815301076,1909f56bfc062723c751e8b465ee728b)  -> (artifact id: 'ffad468a5ad212b1cdb06ddf658013fe') in 0.004193 seconds 
========================================================================
Received Import Request.
  Time since last request: 0.002064 seconds.
  path: Assets/Scripts/ProjectBase/AStar/AStarMgr.cs
  artifactKey: Guid(fc92b78a6d750d34eaac7ffb59253bd4) Importer(815301076,1909f56bfc062723c751e8b465ee728b)
Start importing Assets/Scripts/ProjectBase/AStar/AStarMgr.cs using Guid(fc92b78a6d750d34eaac7ffb59253bd4) Importer(815301076,1909f56bfc062723c751e8b465ee728b)  -> (artifact id: '86750e5e3e25b5f363687fae73f8c452') in 0.004329 seconds 
